2025-09-17 17:14:31 - INFO - Starting nano_wave experiment
2025-09-17 17:14:31 - INFO - Initializing NanoWaveModel with config: WaveConfig(frequency_range=[0.1, 200.0], amplitude_range=[1.0, 600000.0], phase_offset_range=[0.0, 6.28], viscosity=0.5, base_resistance=1.0, time_steps=1000, time_range=[0.0, 1.0])
2025-09-17 17:14:31 - INFO - Built lookup table with 95 characters
2025-09-17 17:14:31 - INFO - Initialized NanoWaveModel with parameters: psi=0.0, beta=0.05000000074505806, A=600000.0, f_max=200.0
2025-09-17 17:14:31 - INFO - Starting experiment with 5 word pairs
2025-09-17 17:14:31 - INFO - Training on text of length 230
2025-09-17 17:14:31 - INFO - Training complete in 0.17s: Adjusted frequencies based on 222 co-occurrences
2025-09-17 17:14:31 - INFO - Benchmark [training]: {"text_length": 230, "bigrams": 222, "max_co_occurrence": 12.0, "training_time": 0.17468833923339844, "elapsed_time": 0.1786503791809082, "timestamp": "2025-09-17T17:14:31.541320"}
2025-09-17 17:14:31 - INFO - Computing wave with 5 frequencies, range: [8.72, 11.07]
2025-09-17 17:14:31 - INFO - Wave computed in 0.0020s, u shape: torch.Size([1000]), sample value: 3000000.00000000
2025-09-17 17:14:31 - INFO - Benchmark [wave_computation]: {"num_frequencies": 5, "min_frequency": 8.724645614624023, "max_frequency": 11.072278022766113, "computation_time": 0.0020241737365722656, "elapsed_time": 0.18067455291748047, "timestamp": "2025-09-17T17:14:31.543344"}
2025-09-17 17:14:31 - INFO - Computing wave with 5 frequencies, range: [8.72, 11.07]
2025-09-17 17:14:31 - INFO - Wave computed in 0.0000s, u shape: torch.Size([1000]), sample value: 3000000.00000000
2025-09-17 17:14:31 - INFO - Benchmark [wave_computation]: {"num_frequencies": 5, "min_frequency": 8.724645614624023, "max_frequency": 11.072278022766113, "computation_time": 0.0, "elapsed_time": 0.18266749382019043, "timestamp": "2025-09-17T17:14:31.545337"}
2025-09-17 17:14:31 - INFO - Interference for model vs training model: {'max_abs': 0.0, 'max_time': 0.0, 'norm': 0.0}
2025-09-17 17:14:31 - INFO - t=0.0s: interference=0.00000000
2025-09-17 17:14:31 - INFO - t=0.1s: interference=0.00000000
2025-09-17 17:14:31 - INFO - t=0.2s: interference=0.00000000
2025-09-17 17:14:31 - INFO - t=0.3s: interference=0.00000000
2025-09-17 17:14:31 - INFO - t=0.4s: interference=0.00000000
2025-09-17 17:14:31 - INFO - t=0.5s: interference=0.00000000
2025-09-17 17:14:31 - INFO - t=0.6s: interference=0.00000000
2025-09-17 17:14:31 - INFO - t=0.7s: interference=0.00000000
2025-09-17 17:14:31 - INFO - t=0.8s: interference=0.00000000
2025-09-17 17:14:31 - INFO - t=0.9s: interference=0.00000000
2025-09-17 17:14:31 - INFO - t=1.0s: interference=0.00000000
2025-09-17 17:14:31 - INFO - Periods for model vs training model: [0.09431907507982809, 0.0903156512096123, 0.11461783597534622, 0.11215255149685797, 0.09638276913132834, 0.09431907507982809, 0.0903156512096123, 0.11461783597534622, 0.11215255149685797, 0.09638276913132834]
2025-09-17 17:14:31 - INFO - Alignment points at t: [0.0, 0.0010010009864345193, 0.0020020019728690386, 0.0030030030757188797, 0.004004003945738077, 0.005005004815757275, 0.006006006151437759, 0.007007007021456957, 0.008008007891476154, 0.009009009227156639, 0.01001000963151455, 0.011011010967195034, 0.012012012302875519, 0.013013012707233429, 0.014014014042913914, 0.015015014447271824, 0.01601601578295231, 0.03403403237462044, 0.03503503277897835, 0.036036036908626556, 0.03703703731298447, 0.03803803771734238, 0.03903903812170029, 0.0400400385260582, 0.04104103893041611, 0.042042043060064316, 0.043043043464422226, 0.044044043868780136, 0.045045044273138046, 0.046046044677495956, 0.04704704508185387, 0.048048049211502075, 0.049049049615859985, 0.050050050020217896, 0.051051050424575806, 0.052052050828933716, 0.053053051233291626, 0.054054051637649536, 0.055055055767297745, 0.056056056171655655, 0.057057056576013565, 0.058058056980371475, 0.059059057384729385, 0.060060057789087296, 0.061061061918735504, 0.062062062323093414, 0.06306306272745132, 0.06406406313180923, 0.06506506353616714, 0.06606606394052505, 0.08608608692884445, 0.08708708733320236, 0.08808808773756027, 0.08908908814191818, 0.09009008854627609, 0.091091088950634, 0.09209208935499191, 0.09309308975934982, 0.09409409016370773, 0.09509509056806564, 0.09609609842300415, 0.09709709882736206, 0.09809809923171997, 0.09909909963607788, 0.10010010004043579, 0.1011011004447937, 0.10210210084915161, 0.10310310125350952, 0.10410410165786743, 0.10510510206222534, 0.10610610246658325, 0.10710710287094116, 0.10810810327529907, 0.10910911113023758, 0.11011011153459549, 0.1111111119389534, 0.11211211234331131, 0.11311311274766922, 0.11411411315202713, 0.13913913071155548, 0.1401401311159134, 0.1411411464214325, 0.1421421468257904, 0.14314314723014832, 0.14414414763450623, 0.14514514803886414, 0.14614614844322205, 0.14714714884757996, 0.14814814925193787, 0.14914914965629578, 0.1501501500606537, 0.1511511504650116, 0.1521521508693695, 0.15315315127372742, 0.15415415167808533, 0.15515515208244324, 0.15615615248680115, 0.15715715289115906, 0.15815815329551697, 0.15915915369987488, 0.4044044017791748, 0.4054054021835327, 0.4064064025878906, 0.40740740299224854, 0.40840840339660645, 0.40940940380096436, 0.41041040420532227, 0.4114114046096802, 0.4124124050140381, 0.413413405418396, 0.4144144058227539, 0.4154154062271118, 0.4164164066314697, 0.41741740703582764, 0.41841840744018555, 0.41941940784454346, 0.42042040824890137, 0.4214214086532593, 0.45045045018196106, 0.45145145058631897, 0.4524524509906769, 0.4534534513950348, 0.4544544517993927, 0.4554554522037506, 0.4564564526081085, 0.45745745301246643, 0.45845845341682434, 0.45945945382118225, 0.46046045422554016, 0.46146145462989807, 0.462462455034256, 0.4634634554386139, 0.4644644558429718, 0.4654654562473297, 0.4664664566516876, 0.46746745705604553, 0.46846845746040344, 0.46946945786476135, 0.47047045826911926, 0.4714714586734772, 0.4724724590778351, 0.473473459482193, 0.4744744598865509, 0.500500500202179, 0.5015015006065369, 0.5025025010108948, 0.5035035014152527, 0.5045045018196106, 0.5055055022239685, 0.5065065026283264, 0.5075075030326843, 0.5085085034370422, 0.5095095038414001, 0.5105105042457581, 0.511511504650116, 0.5125125050544739, 0.5135135650634766, 0.5145145654678345, 0.5155155658721924, 0.5165165662765503, 0.5175175666809082, 0.5185185670852661, 0.519519567489624, 0.5205205678939819, 0.5215215682983398, 0.5225225687026978, 0.5235235691070557, 0.5245245695114136, 0.5255255699157715, 0.5525525808334351, 0.553553581237793, 0.5545545816421509, 0.5555555820465088, 0.5565565824508667, 0.5575575828552246, 0.5585585832595825, 0.5595595836639404, 0.5605605840682983, 0.5615615844726562, 0.5625625848770142, 0.5635635852813721, 0.56456458568573, 0.5655655860900879, 0.5665665864944458, 0.5675675868988037, 0.5685685873031616, 0.5695695877075195, 0.5705705881118774, 0.5715715885162354, 0.5725725889205933, 0.5735735893249512, 0.5745745897293091, 0.575575590133667, 0.5765765905380249, 0.6076076030731201, 0.608608603477478, 0.6096096038818359, 0.6106106042861938, 0.6116116046905518, 0.6126126050949097, 0.6136136054992676, 0.6146146059036255, 0.6156156063079834, 0.6166166067123413, 0.6176176071166992, 0.6186186075210571, 0.619619607925415, 0.620620608329773, 0.6216216087341309, 0.6226226091384888, 0.6236236095428467, 0.6246246099472046, 0.6256256103515625]
2025-09-17 17:14:31 - INFO - Computing wave with 4 frequencies, range: [8.72, 13.17]
2025-09-17 17:14:31 - INFO - Wave computed in 0.0010s, u shape: torch.Size([1000]), sample value: 2400000.00000000
2025-09-17 17:14:31 - INFO - Benchmark [wave_computation]: {"num_frequencies": 4, "min_frequency": 8.724645614624023, "max_frequency": 13.166377067565918, "computation_time": 0.0009982585906982422, "elapsed_time": 0.19170594215393066, "timestamp": "2025-09-17T17:14:31.554376"}
2025-09-17 17:14:31 - INFO - Computing wave with 4 frequencies, range: [8.72, 13.17]
2025-09-17 17:14:31 - INFO - Wave computed in 0.0010s, u shape: torch.Size([1000]), sample value: 2400000.00000000
2025-09-17 17:14:31 - INFO - Benchmark [wave_computation]: {"num_frequencies": 4, "min_frequency": 8.724645614624023, "max_frequency": 13.166377067565918, "computation_time": 0.000997304916381836, "elapsed_time": 0.19370174407958984, "timestamp": "2025-09-17T17:14:31.556371"}
2025-09-17 17:14:31 - INFO - Interference for word vs sample word: {'max_abs': 0.0, 'max_time': 0.0, 'norm': 0.0}
2025-09-17 17:14:31 - INFO - t=0.0s: interference=0.00000000
2025-09-17 17:14:31 - INFO - t=0.1s: interference=0.00000000
2025-09-17 17:14:31 - INFO - t=0.2s: interference=0.00000000
2025-09-17 17:14:31 - INFO - t=0.3s: interference=0.00000000
2025-09-17 17:14:31 - INFO - t=0.4s: interference=0.00000000
2025-09-17 17:14:31 - INFO - t=0.5s: interference=0.00000000
2025-09-17 17:14:31 - INFO - t=0.6s: interference=0.00000000
2025-09-17 17:14:31 - INFO - t=0.7s: interference=0.00000000
2025-09-17 17:14:31 - INFO - t=0.8s: interference=0.00000000
2025-09-17 17:14:31 - INFO - t=0.9s: interference=0.00000000
2025-09-17 17:14:31 - INFO - t=1.0s: interference=0.00000000
2025-09-17 17:14:31 - INFO - Periods for word vs sample word: [0.07595103762168579, 0.0903156512096123, 0.08463321525360157, 0.11461783597534622, 0.07595103762168579, 0.0903156512096123, 0.08463321525360157, 0.11461783597534622]
2025-09-17 17:14:31 - INFO - Alignment points at t: [0.0, 0.0010010009864345193, 0.0020020019728690386, 0.0030030030757188797, 0.004004003945738077, 0.005005004815757275, 0.006006006151437759, 0.007007007021456957, 0.008008007891476154, 0.009009009227156639, 0.01001000963151455, 0.011011010967195034, 0.012012012302875519, 0.013013012707233429, 0.014014014042913914, 0.031031031161546707, 0.03203203156590462, 0.03303303197026253, 0.03403403237462044, 0.03503503277897835, 0.036036036908626556, 0.03703703731298447, 0.03803803771734238, 0.03903903812170029, 0.0400400385260582, 0.04104103893041611, 0.042042043060064316, 0.043043043464422226, 0.044044043868780136, 0.045045044273138046, 0.046046044677495956, 0.04704704508185387, 0.048048049211502075, 0.049049049615859985, 0.050050050020217896, 0.051051050424575806, 0.052052050828933716, 0.053053051233291626, 0.054054051637649536, 0.055055055767297745, 0.056056056171655655, 0.057057056576013565, 0.07807807624340057, 0.07907907664775848, 0.0800800770521164, 0.0810810774564743, 0.08208207786083221, 0.08308307826519012, 0.08408408612012863, 0.08508508652448654, 0.08608608692884445, 0.08708708733320236, 0.08808808773756027, 0.08908908814191818, 0.09009008854627609, 0.091091088950634, 0.09209208935499191, 0.09309308975934982, 0.09409409016370773, 0.09509509056806564, 0.40040040016174316, 0.4014014005661011, 0.402402400970459, 0.4034034013748169, 0.4044044017791748, 0.4054054021835327, 0.4064064025878906, 0.40740740299224854, 0.40840840339660645, 0.40940940380096436, 0.4434434473514557, 0.4444444477558136, 0.4454454481601715, 0.4464464485645294, 0.44744744896888733, 0.44844844937324524, 0.44944944977760315, 0.45045045018196106, 0.45145145058631897, 0.4524524509906769, 0.4534534513950348, 0.4544544517993927, 0.4554554522037506, 0.4564564526081085, 0.8638638854026794, 0.8648648858070374, 0.8658658862113953, 0.8668668866157532, 0.8678678870201111, 0.868868887424469, 0.8698698878288269, 0.8708708882331848, 0.8718718886375427, 0.8728728890419006, 0.8738738894462585, 0.8748748898506165, 0.8758758902549744, 0.8768768906593323, 0.8778778910636902, 0.8788788914680481, 0.879879891872406, 0.9049049019813538, 0.9059059023857117, 0.9069069027900696, 0.9079079031944275, 0.9089089035987854, 0.9099099040031433, 0.9109109044075012, 0.9119119048118591, 0.912912905216217, 0.913913905620575, 0.9149149060249329, 0.9159159064292908, 0.9169169068336487, 0.9179179072380066, 0.9189189076423645, 0.9199199080467224, 0.9209209084510803, 0.9219219088554382, 0.9229229092597961, 0.923923909664154, 0.924924910068512, 0.9509509801864624, 0.9519519805908203, 0.9529529809951782, 0.9539539813995361, 0.954954981803894, 0.955955982208252, 0.9569569826126099, 0.9579579830169678, 0.9589589834213257, 0.9599599838256836, 0.9609609842300415, 0.9619619846343994, 0.9629629850387573, 0.9639639854431152, 0.9649649858474731, 0.965965986251831]
2025-09-17 17:14:31 - INFO - Computing wave with 4 frequencies, range: [8.92, 13.45]
2025-09-17 17:14:31 - INFO - Wave computed in 0.0010s, u shape: torch.Size([1000]), sample value: 2400000.00000000
2025-09-17 17:14:31 - INFO - Benchmark [wave_computation]: {"num_frequencies": 4, "min_frequency": 8.916426658630371, "max_frequency": 13.454509735107422, "computation_time": 0.0010013580322265625, "elapsed_time": 0.19984817504882812, "timestamp": "2025-09-17T17:14:31.562518"}
2025-09-17 17:14:31 - INFO - Computing wave with 4 frequencies, range: [8.92, 13.45]
2025-09-17 17:14:31 - INFO - Wave computed in 0.0010s, u shape: torch.Size([1000]), sample value: 2400000.00000000
2025-09-17 17:14:31 - INFO - Benchmark [wave_computation]: {"num_frequencies": 4, "min_frequency": 8.916426658630371, "max_frequency": 13.454509735107422, "computation_time": 0.0009932518005371094, "elapsed_time": 0.20084142684936523, "timestamp": "2025-09-17T17:14:31.563511"}
2025-09-17 17:14:31 - INFO - Interference for text vs training text: {'max_abs': 0.0, 'max_time': 0.0, 'norm': 0.0}
2025-09-17 17:14:31 - INFO - t=0.0s: interference=0.00000000
2025-09-17 17:14:31 - INFO - t=0.1s: interference=0.00000000
2025-09-17 17:14:31 - INFO - t=0.2s: interference=0.00000000
2025-09-17 17:14:31 - INFO - t=0.3s: interference=0.00000000
2025-09-17 17:14:31 - INFO - t=0.4s: interference=0.00000000
2025-09-17 17:14:31 - INFO - t=0.5s: interference=0.00000000
2025-09-17 17:14:31 - INFO - t=0.6s: interference=0.00000000
2025-09-17 17:14:31 - INFO - t=0.7s: interference=0.00000000
2025-09-17 17:14:31 - INFO - t=0.8s: interference=0.00000000
2025-09-17 17:14:31 - INFO - t=0.9s: interference=0.00000000
2025-09-17 17:14:31 - INFO - t=1.0s: interference=0.00000000
2025-09-17 17:14:31 - INFO - Periods for text vs training text: [0.0810415288216813, 0.11215255149685797, 0.07432452164278106, 0.0810415288216813, 0.0810415288216813, 0.11215255149685797, 0.07432452164278106, 0.0810415288216813]
2025-09-17 17:14:31 - INFO - Alignment points at t: [0.0, 0.0010010009864345193, 0.0020020019728690386, 0.0030030030757188797, 0.004004003945738077, 0.005005004815757275, 0.006006006151437759, 0.007007007021456957, 0.008008007891476154, 0.009009009227156639, 0.01001000963151455, 0.011011010967195034, 0.012012012302875519, 0.013013012707233429, 0.014014014042913914, 0.029029028490185738, 0.030030028894543648, 0.031031031161546707, 0.03203203156590462, 0.03303303197026253, 0.03403403237462044, 0.03503503277897835, 0.036036036908626556, 0.03703703731298447, 0.03803803771734238, 0.03903903812170029, 0.0400400385260582, 0.04104103893041611, 0.042042043060064316, 0.043043043464422226, 0.044044043868780136, 0.045045044273138046, 0.046046044677495956, 0.04704704508185387, 0.048048049211502075, 0.049049049615859985, 0.050050050020217896, 0.051051050424575806, 0.052052050828933716, 0.053053051233291626, 0.054054051637649536, 0.07307307422161102, 0.07407407462596893, 0.07507507503032684, 0.07607607543468475, 0.07707707583904266, 0.07807807624340057, 0.07907907664775848, 0.0800800770521164, 0.0810810774564743, 0.08208207786083221, 0.08308307826519012, 0.08408408612012863, 0.08508508652448654, 0.08608608692884445, 0.08708708733320236, 0.08808808773756027, 0.08908908814191818, 0.09009008854627609, 0.18618617951869965, 0.18718717992305756, 0.18818818032741547, 0.18918918073177338, 0.1901901811361313, 0.1911911815404892, 0.1921921968460083, 0.1931931972503662, 0.19419419765472412, 0.19519519805908203, 0.19619619846343994, 0.19719719886779785, 0.19819819927215576, 0.19919919967651367, 0.20020020008087158, 0.2232232242822647, 0.22422422468662262, 0.22522522509098053, 0.22622622549533844, 0.22722722589969635, 0.22822822630405426, 0.22922922670841217, 0.23023022711277008, 0.231231227517128, 0.2322322279214859, 0.2332332283258438, 0.23423422873020172, 0.23523522913455963, 0.23623622953891754, 0.23723722994327545, 0.23823823034763336, 0.23923923075199127, 0.24024023115634918, 0.2412412315607071, 0.242242231965065, 0.2432432323694229, 0.24424424767494202, 0.24524524807929993, 0.26726725697517395, 0.26826825737953186, 0.26926925778388977, 0.2702702581882477, 0.2712712585926056, 0.2722722589969635, 0.2732732594013214, 0.2742742598056793, 0.27527526021003723, 0.27627626061439514, 0.27727726101875305, 0.27827826142311096, 0.27927926182746887, 0.2802802622318268, 0.2812812626361847, 0.282282292842865, 0.2832832932472229, 0.2842842936515808, 0.2852852940559387, 0.28628629446029663, 0.28728729486465454, 0.28828829526901245, 0.31631630659103394, 0.31731730699539185, 0.31831830739974976, 0.31931930780410767, 0.3203203082084656, 0.3213213086128235, 0.3223223090171814, 0.3233233094215393, 0.3243243098258972, 0.3253253102302551, 0.32632631063461304, 0.56456458568573, 0.5655655860900879, 0.5665665864944458, 0.5675675868988037, 0.5685685873031616, 0.5695695877075195, 0.5705705881118774, 0.5715715885162354, 0.5725725889205933, 0.5735735893249512, 0.5745745897293091, 0.575575590133667, 0.5765765905380249, 0.5775775909423828, 0.6056056022644043, 0.6066066026687622, 0.6076076030731201, 0.608608603477478, 0.6096096038818359, 0.6106106042861938, 0.6116116046905518, 0.6126126050949097, 0.6136136054992676, 0.6146146059036255, 0.6156156063079834, 0.6166166067123413, 0.6176176071166992, 0.6186186075210571, 0.619619607925415, 0.620620608329773, 0.6216216087341309, 0.6226226091384888, 0.6236236095428467, 0.6246246099472046, 0.6256256103515625, 0.6486486196517944, 0.6496496200561523, 0.6506506204605103, 0.6516516208648682, 0.6526526212692261, 0.653653621673584, 0.6546546220779419, 0.6556556224822998, 0.6566566228866577, 0.6576576232910156, 0.6586586236953735, 0.6596596240997314, 0.6606606245040894, 0.6616616249084473, 0.6626626253128052, 0.6636636257171631, 0.664664626121521, 0.6656656265258789, 0.6666666269302368, 0.6946946978569031, 0.695695698261261, 0.6966966986656189, 0.6976976990699768, 0.6986986994743347, 0.6996996998786926, 0.7007007002830505, 0.7017017006874084, 0.7697697877883911, 0.770770788192749, 0.7717717885971069, 0.7727727890014648, 0.7737737894058228, 0.7997997999191284, 0.8008008003234863, 0.8018018007278442, 0.8028028011322021, 0.8038038015365601, 0.804804801940918, 0.8058058023452759, 0.8068068027496338, 0.8078078031539917, 0.8088088035583496, 0.8098098039627075, 0.8108108043670654, 0.8118118047714233, 0.8128128051757812, 0.8138138055801392, 0.8148148059844971, 0.815815806388855, 0.8168168067932129, 0.8178178071975708, 0.8188188076019287, 0.8198198080062866, 0.837837815284729, 0.8388388156890869, 0.8398398160934448, 0.8408408164978027, 0.8418418169021606, 0.8428428173065186, 0.8438438177108765, 0.8448448181152344, 0.8458458185195923, 0.8468468189239502, 0.8478478193283081, 0.848848819732666, 0.8498498201370239, 0.8508508205413818, 0.8518518209457397, 0.8528528213500977, 0.8538538217544556, 0.8548548221588135, 0.8558558225631714, 0.8568568229675293, 0.8578578233718872, 0.8588588237762451, 0.8598598837852478, 0.8608608841896057, 0.8618618845939636, 0.8628628849983215, 0.8638638854026794, 0.879879891872406, 0.8808808922767639, 0.8818818926811218, 0.8828828930854797, 0.8838838934898376, 0.8848848938941956, 0.8858858942985535, 0.8868868947029114, 0.8878878951072693, 0.8888888955116272, 0.8898898959159851, 0.890890896320343, 0.8918918967247009, 0.8928928971290588, 0.8938938975334167, 0.8948948979377747, 0.8958958983421326, 0.8968968987464905, 0.8978978991508484, 0.8988988995552063, 0.8998998999595642, 0.9009009003639221, 0.90190190076828, 0.9029029011726379, 0.9039039015769958, 0.9049049019813538, 0.9219219088554382, 0.9229229092597961, 0.923923909664154, 0.924924910068512, 0.9259259104728699, 0.9269269108772278, 0.9279279112815857, 0.9289289116859436, 0.9299299120903015, 0.9309309124946594, 0.9319319128990173, 0.9329329133033752, 0.9339339137077332, 0.9349349141120911, 0.935935914516449, 0.9369369149208069, 0.9379379153251648, 0.9389389157295227, 0.9399399161338806, 0.9409409165382385, 0.9419419169425964, 0.9429429173469543, 0.9439439177513123, 0.9449449181556702, 0.965965986251831, 0.966966986656189, 0.9679679870605469, 0.9689689874649048, 0.9699699878692627, 0.9709709882736206, 0.9719719886779785, 0.9729729890823364, 0.9739739894866943, 0.9749749898910522, 0.9759759902954102, 0.9769769906997681, 0.977977991104126, 0.9789789915084839]
2025-09-17 17:14:31 - INFO - Computing wave with 6 frequencies, range: [8.18, 13.75]
2025-09-17 17:14:31 - INFO - Wave computed in 0.0010s, u shape: torch.Size([1000]), sample value: 3600000.00000000
2025-09-17 17:14:31 - INFO - Benchmark [wave_computation]: {"num_frequencies": 6, "min_frequency": 8.176675796508789, "max_frequency": 13.749120712280273, "computation_time": 0.0009982585906982422, "elapsed_time": 0.21078777313232422, "timestamp": "2025-09-17T17:14:31.573457"}
2025-09-17 17:14:31 - INFO - Computing wave with 6 frequencies, range: [8.18, 13.75]
2025-09-17 17:14:31 - INFO - Wave computed in 0.0000s, u shape: torch.Size([1000]), sample value: 3600000.00000000
2025-09-17 17:14:31 - INFO - Benchmark [wave_computation]: {"num_frequencies": 6, "min_frequency": 8.176675796508789, "max_frequency": 13.749120712280273, "computation_time": 0.0, "elapsed_time": 0.21281003952026367, "timestamp": "2025-09-17T17:14:31.575480"}
2025-09-17 17:14:31 - INFO - Interference for binary vs nano binary: {'max_abs': 0.0, 'max_time': 0.0, 'norm': 0.0}
2025-09-17 17:14:31 - INFO - t=0.0s: interference=0.00000000
2025-09-17 17:14:31 - INFO - t=0.1s: interference=0.00000000
2025-09-17 17:14:31 - INFO - t=0.2s: interference=0.00000000
2025-09-17 17:14:31 - INFO - t=0.3s: interference=0.00000000
2025-09-17 17:14:31 - INFO - t=0.4s: interference=0.00000000
2025-09-17 17:14:31 - INFO - t=0.5s: interference=0.00000000
2025-09-17 17:14:31 - INFO - t=0.6s: interference=0.00000000
2025-09-17 17:14:31 - INFO - t=0.7s: interference=0.00000000
2025-09-17 17:14:31 - INFO - t=0.8s: interference=0.00000000
2025-09-17 17:14:31 - INFO - t=0.9s: interference=0.00000000
2025-09-17 17:14:31 - INFO - t=1.0s: interference=0.00000000
2025-09-17 17:14:31 - INFO - Periods for binary vs nano binary: [0.11969802440087404, 0.10284914139697166, 0.09229098289594011, 0.1222990888824248, 0.08463321525360157, 0.07273192380272231, 0.11969802440087404, 0.10284914139697166, 0.09229098289594011, 0.1222990888824248, 0.08463321525360157, 0.07273192380272231]
2025-09-17 17:14:31 - INFO - Alignment points at t: [0.0, 0.0010010009864345193, 0.0020020019728690386, 0.0030030030757188797, 0.004004003945738077, 0.005005004815757275, 0.006006006151437759, 0.007007007021456957, 0.008008007891476154, 0.009009009227156639, 0.01001000963151455, 0.011011010967195034, 0.012012012302875519, 0.013013012707233429, 0.014014014042913914, 0.015015014447271824, 0.03303303197026253, 0.03403403237462044, 0.03503503277897835, 0.036036036908626556, 0.03703703731298447, 0.03803803771734238, 0.03903903812170029, 0.0400400385260582, 0.04104103893041611, 0.042042043060064316, 0.043043043464422226, 0.044044043868780136, 0.045045044273138046, 0.046046044677495956, 0.04704704508185387, 0.048048049211502075, 0.049049049615859985, 0.050050050020217896, 0.051051050424575806, 0.052052050828933716, 0.053053051233291626, 0.054054051637649536, 0.055055055767297745, 0.056056056171655655, 0.057057056576013565, 0.058058056980371475, 0.059059057384729385, 0.060060057789087296, 0.061061061918735504, 0.5435435771942139, 0.5445445775985718, 0.5455455780029297, 0.5465465784072876, 0.5475475788116455, 0.5485485792160034, 0.5495495796203613, 0.5505505800247192, 0.5515515804290771, 0.5525525808334351, 0.553553581237793, 0.7227227687835693, 0.7237237691879272, 0.7247247695922852, 0.7257257699966431, 0.726726770401001, 0.7277277708053589, 0.7287287712097168, 0.7297297716140747, 0.7307307720184326, 0.7317317724227905, 0.7327327728271484, 0.7337337732315063, 0.7347347736358643, 0.7357357740402222, 0.7367367744445801, 0.737737774848938, 0.7387387752532959, 0.7737737894058228, 0.7747747898101807, 0.7757757902145386, 0.7767767906188965, 0.7777777910232544, 0.7787787914276123, 0.7797797918319702, 0.7807807922363281, 0.781781792640686, 0.782782793045044, 0.7837837934494019, 0.7847847938537598, 0.7857857942581177, 0.7867867946624756, 0.7877877950668335, 0.7887887954711914, 0.8918918967247009, 0.8928928971290588, 0.8938938975334167, 0.8948948979377747]
2025-09-17 17:14:31 - INFO - Computing wave with 7 frequencies, range: [8.92, 13.17]
2025-09-17 17:14:31 - INFO - Wave computed in 0.0010s, u shape: torch.Size([1000]), sample value: 4200000.00000000
2025-09-17 17:14:31 - INFO - Benchmark [wave_computation]: {"num_frequencies": 7, "min_frequency": 8.916426658630371, "max_frequency": 13.166377067565918, "computation_time": 0.0009753704071044922, "elapsed_time": 0.22205424308776855, "timestamp": "2025-09-17T17:14:31.584724"}
2025-09-17 17:14:31 - INFO - Computing wave with 7 frequencies, range: [8.92, 13.17]
2025-09-17 17:14:31 - INFO - Wave computed in 0.0020s, u shape: torch.Size([1000]), sample value: 4200000.00000000
2025-09-17 17:14:31 - INFO - Benchmark [wave_computation]: {"num_frequencies": 7, "min_frequency": 8.916426658630371, "max_frequency": 13.166377067565918, "computation_time": 0.0019974708557128906, "elapsed_time": 0.22405171394348145, "timestamp": "2025-09-17T17:14:31.586721"}
2025-09-17 17:14:31 - INFO - Interference for network vs neural network: {'max_abs': 0.0, 'max_time': 0.0, 'norm': 0.0}
2025-09-17 17:14:31 - INFO - t=0.0s: interference=0.00000000
2025-09-17 17:14:31 - INFO - t=0.1s: interference=0.00000000
2025-09-17 17:14:31 - INFO - t=0.2s: interference=0.00000000
2025-09-17 17:14:31 - INFO - t=0.3s: interference=0.00000000
2025-09-17 17:14:31 - INFO - t=0.4s: interference=0.00000000
2025-09-17 17:14:31 - INFO - t=0.5s: interference=0.00000000
2025-09-17 17:14:31 - INFO - t=0.6s: interference=0.00000000
2025-09-17 17:14:31 - INFO - t=0.7s: interference=0.00000000
2025-09-17 17:14:31 - INFO - t=0.8s: interference=0.00000000
2025-09-17 17:14:31 - INFO - t=0.9s: interference=0.00000000
2025-09-17 17:14:31 - INFO - t=1.0s: interference=0.00000000
2025-09-17 17:14:31 - INFO - Periods for network vs neural network: [0.09229098289594011, 0.11215255149685797, 0.0810415288216813, 0.07595103762168579, 0.0903156512096123, 0.08463321525360157, 0.09849799796311322, 0.09229098289594011, 0.11215255149685797, 0.0810415288216813, 0.07595103762168579, 0.0903156512096123, 0.08463321525360157, 0.09849799796311322]
2025-09-17 17:14:31 - INFO - Alignment points at t: [0.0, 0.0010010009864345193, 0.0020020019728690386, 0.0030030030757188797, 0.004004003945738077, 0.005005004815757275, 0.006006006151437759, 0.007007007021456957, 0.008008007891476154, 0.009009009227156639, 0.01001000963151455, 0.011011010967195034, 0.012012012302875519, 0.013013012707233429, 0.014014014042913914, 0.031031031161546707, 0.03203203156590462, 0.03303303197026253, 0.03403403237462044, 0.03503503277897835, 0.036036036908626556, 0.03703703731298447, 0.03803803771734238, 0.03903903812170029, 0.0400400385260582, 0.04104103893041611, 0.042042043060064316, 0.043043043464422226, 0.044044043868780136, 0.045045044273138046, 0.046046044677495956, 0.04704704508185387, 0.048048049211502075, 0.049049049615859985, 0.050050050020217896, 0.051051050424575806, 0.052052050828933716, 0.053053051233291626, 0.054054051637649536, 0.055055055767297745, 0.056056056171655655, 0.057057056576013565, 0.058058056980371475, 0.07707707583904266, 0.07807807624340057, 0.07907907664775848, 0.0800800770521164, 0.0810810774564743, 0.08208207786083221, 0.08308307826519012, 0.08408408612012863, 0.08508508652448654, 0.08608608692884445, 0.08708708733320236, 0.08808808773756027, 0.08908908814191818, 0.09009008854627609, 0.091091088950634, 0.09209208935499191, 0.09309308975934982, 0.09409409016370773, 0.09509509056806564, 0.09609609842300415, 0.09709709882736206, 0.09809809923171997, 0.09909909963607788, 0.12812812626361847, 0.12912912666797638, 0.1301301270723343, 0.1311311274766922, 0.1321321278810501, 0.13313312828540802, 0.13413412868976593, 0.13513512909412384, 0.9469469785690308, 0.9479479789733887, 0.9489489793777466, 0.9499499797821045, 0.9509509801864624, 0.9519519805908203, 0.9529529809951782, 0.9539539813995361, 0.954954981803894]
2025-09-17 17:14:31 - INFO - Benchmark [experiment]: {"experiment_name": "nano_wave_experiment", "text_length": 230, "num_word_pairs": 5, "word_pair_results": [{"base_word": "model", "context_word": "model", "base_frequencies": [10.602309226989746, 11.072278022766113, 8.724645614624023, 8.916426658630371, 10.375298500061035], "context_frequencies": [10.602309226989746, 11.072278022766113, 8.724645614624023, 8.916426658630371, 10.375298500061035], "interference_metrics": {"max_abs": 0.0, "max_time": 0.0, "norm": 0.0}, "analysis_time": 0.012057304382324219}, {"base_word": "word", "context_word": "word", "base_frequencies": [13.166377067565918, 11.072278022766113, 11.815691947937012, 8.724645614624023], "context_frequencies": [13.166377067565918, 11.072278022766113, 11.815691947937012, 8.724645614624023], "interference_metrics": {"max_abs": 0.0, "max_time": 0.0, "norm": 0.0}, "analysis_time": 0.00813913345336914}, {"base_word": "text", "context_word": "text", "base_frequencies": [12.33935260772705, 8.916426658630371, 13.454509735107422, 12.33935260772705], "context_frequencies": [12.33935260772705, 8.916426658630371, 13.454509735107422, 12.33935260772705], "interference_metrics": {"max_abs": 0.0, "max_time": 0.0, "norm": 0.0}, "analysis_time": 0.010942697525024414}, {"base_word": "binary", "context_word": "binary", "base_frequencies": [8.35435676574707, 9.722978591918945, 10.835294723510742, 8.176675796508789, 11.815691947937012, 13.749120712280273], "context_frequencies": [8.35435676574707, 9.722978591918945, 10.835294723510742, 8.176675796508789, 11.815691947937012, 13.749120712280273], "interference_metrics": {"max_abs": 0.0, "max_time": 0.0, "norm": 0.0}, "analysis_time": 0.010268449783325195}, {"base_word": "network", "context_word": "network", "base_frequencies": [10.835294723510742, 8.916426658630371, 12.33935260772705, 13.166377067565918, 11.072278022766113, 11.815691947937012, 10.152490615844727], "context_frequencies": [10.835294723510742, 8.916426658630371, 12.33935260772705, 13.166377067565918, 11.072278022766113, 11.815691947937012, 10.152490615844727], "interference_metrics": {"max_abs": 0.0, "max_time": 0.0, "norm": 0.0}, "analysis_time": 0.00897836685180664}], "total_time": 0.22703909873962402, "elapsed_time": 0.2290363311767578, "timestamp": "2025-09-17T17:14:31.591706"}
2025-09-17 17:14:31 - INFO - Benchmark [final_metrics]: {"interference_model vs training model": {"max_abs": 0.0, "max_time": 0.0, "norm": 0.0}, "interference_word vs sample word": {"max_abs": 0.0, "max_time": 0.0, "norm": 0.0}, "interference_text vs training text": {"max_abs": 0.0, "max_time": 0.0, "norm": 0.0}, "interference_binary vs nano binary": {"max_abs": 0.0, "max_time": 0.0, "norm": 0.0}, "interference_network vs neural network": {"max_abs": 0.0, "max_time": 0.0, "norm": 0.0}, "total_runtime": 0.23003435134887695, "timestamp": "2025-09-17T17:14:31.592704"}
2025-09-17 17:14:31 - INFO - Benchmarks saved to logs\benchmarks\benchmarks_20250917_171431.json
2025-09-17 17:14:31 - INFO - Experiment complete. Metrics saved to logs\benchmarks\benchmarks_20250917_171431.json
2025-09-17 17:14:31 - INFO - Results saved to output\nano_wave_results.json
